#! /c/Source/iverilog-install/bin/vvp
:ivl_version "12.0 (devel)" "(s20150603-1539-g2693dd32b)";
:ivl_delay_selection "TYPICAL";
:vpi_time_precision - 9;
:vpi_module "C:\iverilog\lib\ivl\system.vpi";
:vpi_module "C:\iverilog\lib\ivl\vhdl_sys.vpi";
:vpi_module "C:\iverilog\lib\ivl\vhdl_textio.vpi";
:vpi_module "C:\iverilog\lib\ivl\v2005_math.vpi";
:vpi_module "C:\iverilog\lib\ivl\va_math.vpi";
S_0000020f2b056430 .scope module, "mux2_1_tb" "mux2_1_tb" 2 4;
 .timescale -9 -9;
v0000020f2b053430_0 .var "a", 0 0;
v0000020f2b0534d0_0 .var "b", 0 0;
v0000020f2b053570_0 .net "f", 0 0, L_0000020f2b0536b0;  1 drivers
v0000020f2b053610_0 .var "s", 0 0;
S_0000020f2b0565c0 .scope module, "mux_test" "mux2_1" 2 9, 3 1 0, S_0000020f2b056430;
 .timescale -9 -9;
    .port_info 0 /INPUT 1 "A";
    .port_info 1 /INPUT 1 "B";
    .port_info 2 /INPUT 1 "S";
    .port_info 3 /OUTPUT 1 "F";
L_0000020f2b023120 .functor NOT 1, v0000020f2b0534d0_0, C4<0>, C4<0>, C4<0>;
L_0000020f2b023580 .functor AND 1, v0000020f2b053430_0, v0000020f2b053610_0, C4<1>, C4<1>;
L_0000020f2b0236e0 .functor AND 1, v0000020f2b0534d0_0, v0000020f2b053610_0, C4<1>, C4<1>;
L_0000020f2b0536b0 .functor OR 1, L_0000020f2b023580, L_0000020f2b0236e0, C4<0>, C4<0>;
v0000020f2b056750_0 .net "A", 0 0, v0000020f2b053430_0;  1 drivers
v0000020f2b0567f0_0 .net "B", 0 0, v0000020f2b0534d0_0;  1 drivers
v0000020f2b053110_0 .net "F", 0 0, L_0000020f2b0536b0;  alias, 1 drivers
v0000020f2b0531b0_0 .net "S", 0 0, v0000020f2b053610_0;  1 drivers
v0000020f2b053250_0 .net "and_A_out", 0 0, L_0000020f2b023580;  1 drivers
v0000020f2b0532f0_0 .net "and_B_out", 0 0, L_0000020f2b0236e0;  1 drivers
v0000020f2b053390_0 .net "not_B_out", 0 0, L_0000020f2b023120;  1 drivers
    .scope S_0000020f2b056430;
T_0 ;
    %pushi/vec4 1, 0, 1;
    %store/vec4 v0000020f2b053430_0, 0, 1;
    %pushi/vec4 0, 0, 1;
    %store/vec4 v0000020f2b0534d0_0, 0, 1;
    %pushi/vec4 0, 0, 1;
    %store/vec4 v0000020f2b053610_0, 0, 1;
    %delay 2, 0;
    %pushi/vec4 1, 0, 1;
    %store/vec4 v0000020f2b053430_0, 0, 1;
    %pushi/vec4 0, 0, 1;
    %store/vec4 v0000020f2b0534d0_0, 0, 1;
    %pushi/vec4 1, 0, 1;
    %store/vec4 v0000020f2b053610_0, 0, 1;
    %delay 2, 0;
    %pushi/vec4 0, 0, 1;
    %store/vec4 v0000020f2b053430_0, 0, 1;
    %pushi/vec4 1, 0, 1;
    %store/vec4 v0000020f2b0534d0_0, 0, 1;
    %pushi/vec4 0, 0, 1;
    %store/vec4 v0000020f2b053610_0, 0, 1;
    %delay 2, 0;
    %pushi/vec4 0, 0, 1;
    %store/vec4 v0000020f2b053430_0, 0, 1;
    %pushi/vec4 1, 0, 1;
    %store/vec4 v0000020f2b0534d0_0, 0, 1;
    %pushi/vec4 1, 0, 1;
    %store/vec4 v0000020f2b053610_0, 0, 1;
    %delay 2, 0;
    %end;
    .thread T_0;
    .scope S_0000020f2b056430;
T_1 ;
    %vpi_call 2 26 "$dumpfile", "mux2_1.vcd" {0 0 0};
    %vpi_call 2 27 "$dumpvars" {0 0 0};
    %end;
    .thread T_1;
# The file index is used to find the file name in the following table.
:file_names 4;
    "N/A";
    "<interactive>";
    "tb.v";
    "./mux2_1.v";
